Arguments: 
  /home/daviribeiro/.nvm/versions/node/v14.16.1/bin/node /usr/bin/yarn init

PATH: 
  /home/daviribeiro/.zinit/polaris/bin:/home/daviribeiro/.nvm/versions/node/v14.16.1/bin:/usr/local/sbin:/usr/local/bin:/usr/sbin:/usr/bin:/sbin:/bin:/usr/games:/usr/local/games:/snap/bin:/snap/bin:/home/daviribeiro/Android/Sdk/emulator:/home/daviribeiro/Android/Sdk/tools:/home/daviribeiro/Android/Sdk/tools/bin:/home/daviribeiro/Android/Sdk/platform-tools:/home/daviribeiro/android-studio/bin:/home/daviribeiro/Android/Sdk/emulator:/home/daviribeiro/Android/Sdk/tools:/home/daviribeiro/Android/Sdk/tools/bin:/home/daviribeiro/Android/Sdk/platform-tools:/home/daviribeiro/android-studio/bin

Yarn version: 
  1.22.10

Node version: 
  14.16.1

Platform: 
  linux x64

Trace: 
  Error: canceled
      at Interface.<anonymous> (/usr/lib/node_modules/yarn/lib/cli.js:136216:13)
      at Interface.emit (events.js:315:20)
      at Interface._ttyWrite (readline.js:875:16)
      at ReadStream.onkeypress (readline.js:213:10)
      at ReadStream.emit (events.js:315:20)
      at emitKeys (internal/readline/utils.js:345:14)
      at emitKeys.next (<anonymous>)
      at ReadStream.onData (readline.js:1144:36)
      at ReadStream.emit (events.js:315:20)
      at addChunk (internal/streams/readable.js:309:12)

npm manifest: 
  No manifest

yarn manifest: 
  No manifest

Lockfile: 
  # THIS IS AN AUTOGENERATED FILE. DO NOT EDIT THIS FILE DIRECTLY.
  # yarn lockfile v1
